<?xml version="1.0" encoding="UTF-8"?>
<testsuite xmlns:xsi="http://www.w3.org/2001/XMLSchema-instance" xsi:noNamespaceSchemaLocation="https://maven.apache.org/surefire/maven-surefire-plugin/xsd/surefire-test-report-3.0.xsd" version="3.0" name="ac.il.haifa.cs.sweng.HelloTestFX.AppTest" time="3.587" tests="3" errors="0" skipped="0" failures="1">
  <properties>
[...]
</properties>
  <testcase name="test_button_test(FxRobot)" classname="ac.il.haifa.cs.sweng.HelloTestFX.AppTest" time="2.489"/>
  <testcase name="test_label_is_empty(FxRobot)" classname="ac.il.haifa.cs.sweng.HelloTestFX.AppTest" time="0.275"/>
  <testcase name="test_button_click(FxRobot)" classname="ac.il.haifa.cs.sweng.HelloTestFX.AppTest" time="0.78">
    <failure type="java.lang.AssertionError"><![CDATA[java.lang.AssertionError: 

Expected: TextInputControl has text "Hello World"
     but: was TextField with text: ""
	at ac.il.haifa.cs.sweng.HelloTestFX.AppTest.test_button_click(AppTest.java:44)
]]></failure>
    <system-err><![CDATA[May 20, 2022 2:37:43 PM javafx.fxml.FXMLLoader$ValueElement processValue
WARNING: Loading FXML document with JavaFX API of version 17 by JavaFX runtime of version 14
]]></system-err>
  </testcase>
</testsuite>